android/app/build/intermediates/manifest_merge_blame_file/debug/manifest-merger-blame-debug-report.txt
1<?xml version="1.0" encoding="utf-8"?>
2<manifest xmlns:android="http://schemas.android.com/apk/res/android"
3    package="com.aisimple"
4    android:versionCode="1"
5    android:versionName="1.0" >
6
7    <uses-sdk
8        android:minSdkVersion="21"
9        android:targetSdkVersion="33" />
10
11    <uses-permission android:name="android.permission.INTERNET" />
11-->src\main\AndroidManifest.xml:5:5-67
11-->src\main\AndroidManifest.xml:5:22-64
12    <uses-permission android:name="android.permission.CAMERA" />
12-->src\main\AndroidManifest.xml:6:5-65
12-->src\main\AndroidManifest.xml:6:22-62
13    <uses-permission
13-->src\main\AndroidManifest.xml:7:5-107
14        android:name="android.permission.READ_EXTERNAL_STORAGE"
14-->src\main\AndroidManifest.xml:7:22-77
15        android:maxSdkVersion="32" />
15-->src\main\AndroidManifest.xml:7:78-104
16    <uses-permission
16-->src\main\AndroidManifest.xml:8:5-108
17        android:name="android.permission.WRITE_EXTERNAL_STORAGE"
17-->src\main\AndroidManifest.xml:8:22-78
18        android:maxSdkVersion="29" />
18-->src\main\AndroidManifest.xml:8:79-105
19    <uses-permission android:name="android.permission.READ_MEDIA_IMAGES" />
19-->src\main\AndroidManifest.xml:9:5-76
19-->src\main\AndroidManifest.xml:9:22-73
20    <uses-permission android:name="android.permission.READ_MEDIA_VIDEO" />
20-->src\main\AndroidManifest.xml:10:5-75
20-->src\main\AndroidManifest.xml:10:22-72
21    <uses-permission android:name="android.permission.ACCESS_WIFI_STATE" />
21-->[com.facebook.flipper:flipper:0.182.0] AndroidManifest.xml:16:5-76
21-->[com.facebook.flipper:flipper:0.182.0] AndroidManifest.xml:16:22-73
22    <uses-permission android:name="android.permission.ACCESS_NETWORK_STATE" />
22-->[:react-native-file-access] AndroidManifest.xml:7:5-79
22-->[:react-native-file-access] AndroidManifest.xml:7:22-76
23    <!--
24    This manifest file is used only by Gradle to configure debug-only capabilities
25    for React Native Apps.
26    -->
27    <uses-permission android:name="android.permission.SYSTEM_ALERT_WINDOW" />
27-->[com.facebook.react:react-android:0.73.4] AndroidManifest.xml:16:5-78
27-->[com.facebook.react:react-android:0.73.4] AndroidManifest.xml:16:22-75
28
29    <permission
29-->[androidx.core:core:1.9.0] AndroidManifest.xml:22:5-24:47
30        android:name="com.aisimple.DYNAMIC_RECEIVER_NOT_EXPORTED_PERMISSION"
30-->[androidx.core:core:1.9.0] AndroidManifest.xml:23:9-81
31        android:protectionLevel="signature" />
31-->[androidx.core:core:1.9.0] AndroidManifest.xml:24:9-44
32
33    <uses-permission android:name="com.aisimple.DYNAMIC_RECEIVER_NOT_EXPORTED_PERMISSION" />
33-->[androidx.core:core:1.9.0] AndroidManifest.xml:26:5-97
33-->[androidx.core:core:1.9.0] AndroidManifest.xml:26:22-94
34
35    <application
35-->src\main\AndroidManifest.xml:12:5-33:19
36        android:name="com.aisimple.MainApplication"
36-->src\main\AndroidManifest.xml:13:9-40
37        android:allowBackup="false"
37-->src\main\AndroidManifest.xml:14:9-36
38        android:appComponentFactory="androidx.core.app.CoreComponentFactory"
38-->[androidx.core:core:1.9.0] AndroidManifest.xml:28:18-86
39        android:debuggable="true"
40        android:extractNativeLibs="true"
41        android:icon="@mipmap/ic_launcher"
41-->src\main\AndroidManifest.xml:15:9-43
42        android:label="@string/app_name"
42-->src\main\AndroidManifest.xml:16:9-41
43        android:networkSecurityConfig="@xml/network_security_config"
43-->src\main\AndroidManifest.xml:19:9-69
44        android:requestLegacyExternalStorage="true"
44-->src\main\AndroidManifest.xml:20:9-52
45        android:roundIcon="@mipmap/ic_launcher_round"
45-->src\main\AndroidManifest.xml:17:9-54
46        android:theme="@style/AppTheme" >
46-->src\main\AndroidManifest.xml:18:9-40
47        <activity
47-->src\main\AndroidManifest.xml:21:9-32:20
48            android:name="com.aisimple.MainActivity"
48-->src\main\AndroidManifest.xml:22:13-41
49            android:configChanges="keyboard|keyboardHidden|orientation|screenLayout|screenSize|smallestScreenSize|uiMode"
49-->src\main\AndroidManifest.xml:23:13-122
50            android:exported="true"
50-->src\main\AndroidManifest.xml:24:13-36
51            android:label="@string/app_name"
51-->src\main\AndroidManifest.xml:25:13-45
52            android:launchMode="singleTask"
52-->src\main\AndroidManifest.xml:26:13-44
53            android:windowSoftInputMode="adjustResize" >
53-->src\main\AndroidManifest.xml:27:13-55
54            <intent-filter>
54-->src\main\AndroidManifest.xml:28:13-31:29
55                <action android:name="android.intent.action.MAIN" />
55-->src\main\AndroidManifest.xml:29:17-69
55-->src\main\AndroidManifest.xml:29:25-66
56
57                <category android:name="android.intent.category.LAUNCHER" />
57-->src\main\AndroidManifest.xml:30:17-77
57-->src\main\AndroidManifest.xml:30:27-74
58            </intent-filter>
59        </activity>
60
61        <provider
61-->[:react-native-image-picker] AndroidManifest.xml:8:9-16:20
62            android:name="com.imagepicker.ImagePickerProvider"
62-->[:react-native-image-picker] AndroidManifest.xml:9:13-63
63            android:authorities="com.aisimple.imagepickerprovider"
63-->[:react-native-image-picker] AndroidManifest.xml:10:13-71
64            android:exported="false"
64-->[:react-native-image-picker] AndroidManifest.xml:11:13-37
65            android:grantUriPermissions="true" >
65-->[:react-native-image-picker] AndroidManifest.xml:12:13-47
66            <meta-data
66-->[:react-native-image-picker] AndroidManifest.xml:13:13-15:70
67                android:name="android.support.FILE_PROVIDER_PATHS"
67-->[:react-native-image-picker] AndroidManifest.xml:14:17-67
68                android:resource="@xml/imagepicker_provider_paths" />
68-->[:react-native-image-picker] AndroidManifest.xml:15:17-67
69        </provider>
70
71        <activity
71-->[com.facebook.react:react-android:0.73.4] AndroidManifest.xml:19:9-21:40
72            android:name="com.facebook.react.devsupport.DevSettingsActivity"
72-->[com.facebook.react:react-android:0.73.4] AndroidManifest.xml:20:13-77
73            android:exported="false" />
73-->[com.facebook.react:react-android:0.73.4] AndroidManifest.xml:21:13-37
74
75        <provider
75-->[androidx.emoji2:emoji2:1.2.0] AndroidManifest.xml:24:9-32:20
76            android:name="androidx.startup.InitializationProvider"
76-->[androidx.emoji2:emoji2:1.2.0] AndroidManifest.xml:25:13-67
77            android:authorities="com.aisimple.androidx-startup"
77-->[androidx.emoji2:emoji2:1.2.0] AndroidManifest.xml:26:13-68
78            android:exported="false" >
78-->[androidx.emoji2:emoji2:1.2.0] AndroidManifest.xml:27:13-37
79            <meta-data
79-->[androidx.emoji2:emoji2:1.2.0] AndroidManifest.xml:29:13-31:52
80                android:name="androidx.emoji2.text.EmojiCompatInitializer"
80-->[androidx.emoji2:emoji2:1.2.0] AndroidManifest.xml:30:17-75
81                android:value="androidx.startup" />
81-->[androidx.emoji2:emoji2:1.2.0] AndroidManifest.xml:31:17-49
82            <meta-data
82-->[androidx.lifecycle:lifecycle-process:2.4.1] AndroidManifest.xml:31:13-33:52
83                android:name="androidx.lifecycle.ProcessLifecycleInitializer"
83-->[androidx.lifecycle:lifecycle-process:2.4.1] AndroidManifest.xml:32:17-78
84                android:value="androidx.startup" />
84-->[androidx.lifecycle:lifecycle-process:2.4.1] AndroidManifest.xml:33:17-49
85        </provider>
86
87        <meta-data
87-->[com.facebook.soloader:soloader:0.10.5] AndroidManifest.xml:12:9-14:37
88            android:name="com.facebook.soloader.enabled"
88-->[com.facebook.soloader:soloader:0.10.5] AndroidManifest.xml:13:13-57
89            android:value="false" />
89-->[com.facebook.soloader:soloader:0.10.5] AndroidManifest.xml:14:13-34
90    </application>
91
92</manifest>